<?xml version="1.0" encoding="UTF-8"?>
<!-- Generated by org.testng.reporters.JUnitReportReporter -->
<testsuite hostname="LAPTOP-LSUFQOCB" failures="0" tests="2" name="com.test.maenprj.AppTest" time="0.010" errors="0" timestamp="2024-01-14T17:55:25 IST" skipped="0">
  <testcase classname="com.test.maenprj.AppTest" name="logincheck" time="0.009"/>
  <testcase classname="com.test.maenprj.AppTest" name="logincheck1" time="0.001"/>
</testsuite> <!-- com.test.maenprj.AppTest -->
