<?xml version="1.0" encoding="UTF-8"?>
<!-- Generated by org.testng.reporters.JUnitReportReporter -->
<testsuite hostname="LAPTOP-LSUFQOCB" failures="0" tests="1" name="com.test.maenprj.Login" time="7.504" errors="0" timestamp="2024-01-14T17:55:25 IST" skipped="0">
  <testcase classname="com.test.maenprj.Login" name="LoginTest" time="7.504"/>
</testsuite> <!-- com.test.maenprj.Login -->
