<?xml version="1.0" encoding="UTF-8"?>
<!-- Generated by org.testng.reporters.JUnitReportReporter -->
<testsuite hostname="LAPTOP-LSUFQOCB" failures="0" tests="2" name="com.test.maenprj.AppTest" time="0.032" errors="0" timestamp="2024-01-15T12:22:39 IST" skipped="0">
  <testcase classname="com.test.maenprj.AppTest" name="logincheck" time="0.031"/>
  <testcase classname="com.test.maenprj.AppTest" name="logincheck1" time="0.001"/>
</testsuite> <!-- com.test.maenprj.AppTest -->
